2023-05-19T18:00:19+00:00 DEBUG GET https://connect.woocommerce.com/ppc/v1/notifications/webhooks
Response: Array
(
    [code] => 404
    [message] => Not Found
)

Response Body: <!DOCTYPE html>
<html lang="en">
<head>
    <meta charset="utf-8" />
    <meta name="robots" content="noindex,nofollow,noarchive" />
    <title>An Error Occurred: Not Found</title>
    <style>body { background-color: #fff; color: #222; font: 16px/1.5 -apple-system, BlinkMacSystemFont, "Segoe UI", Roboto, "Helvetica Neue", Arial, sans-serif; margin: 0; }
.container { margin: 30px; max-width: 600px; }
h1 { color: #dc3545; font-size: 24px; }
h2 { font-size: 18px; }</style>
</head>
<body>
<div class="container">
    <h1>Oops! An Error Occurred</h1>
    <h2>The server returned a "404 Not Found".</h2>

    <p>
        Something is broken. Please let us know what you were doing when this error occurred.
        We will fix it as soon as possible. Sorry for any inconvenience caused.
    </p>
</div>
</body>
</html>

2023-05-19T18:00:19+00:00 ERROR Failed to load webhooks list: Could not retrieve value for key "webhook.status.registered-webhooks from inner container
2023-05-19T18:00:27+00:00 DEBUG GET https://connect.woocommerce.com/ppc/v1/notifications/webhooks
Response: Array
(
    [code] => 404
    [message] => Not Found
)

Response Body: <!DOCTYPE html>
<html lang="en">
<head>
    <meta charset="utf-8" />
    <meta name="robots" content="noindex,nofollow,noarchive" />
    <title>An Error Occurred: Not Found</title>
    <style>body { background-color: #fff; color: #222; font: 16px/1.5 -apple-system, BlinkMacSystemFont, "Segoe UI", Roboto, "Helvetica Neue", Arial, sans-serif; margin: 0; }
.container { margin: 30px; max-width: 600px; }
h1 { color: #dc3545; font-size: 24px; }
h2 { font-size: 18px; }</style>
</head>
<body>
<div class="container">
    <h1>Oops! An Error Occurred</h1>
    <h2>The server returned a "404 Not Found".</h2>

    <p>
        Something is broken. Please let us know what you were doing when this error occurred.
        We will fix it as soon as possible. Sorry for any inconvenience caused.
    </p>
</div>
</body>
</html>

2023-05-19T18:00:27+00:00 ERROR Failed to load webhooks list: Could not retrieve value for key "webhook.status.registered-webhooks from inner container
2023-05-19T18:01:10+00:00 DEBUG GET https://connect.woocommerce.com/ppc/v1/notifications/webhooks
Response: Array
(
    [code] => 404
    [message] => Not Found
)

Response Body: <!DOCTYPE html>
<html lang="en">
<head>
    <meta charset="utf-8" />
    <meta name="robots" content="noindex,nofollow,noarchive" />
    <title>An Error Occurred: Not Found</title>
    <style>body { background-color: #fff; color: #222; font: 16px/1.5 -apple-system, BlinkMacSystemFont, "Segoe UI", Roboto, "Helvetica Neue", Arial, sans-serif; margin: 0; }
.container { margin: 30px; max-width: 600px; }
h1 { color: #dc3545; font-size: 24px; }
h2 { font-size: 18px; }</style>
</head>
<body>
<div class="container">
    <h1>Oops! An Error Occurred</h1>
    <h2>The server returned a "404 Not Found".</h2>

    <p>
        Something is broken. Please let us know what you were doing when this error occurred.
        We will fix it as soon as possible. Sorry for any inconvenience caused.
    </p>
</div>
</body>
</html>

2023-05-19T18:01:10+00:00 ERROR Failed to load webhooks list: Could not retrieve value for key "webhook.status.registered-webhooks from inner container
2023-05-19T18:01:23+00:00 DEBUG GET https://connect.woocommerce.com/ppc/v1/notifications/webhooks
Response: Array
(
    [code] => 404
    [message] => Not Found
)

Response Body: <!DOCTYPE html>
<html lang="en">
<head>
    <meta charset="utf-8" />
    <meta name="robots" content="noindex,nofollow,noarchive" />
    <title>An Error Occurred: Not Found</title>
    <style>body { background-color: #fff; color: #222; font: 16px/1.5 -apple-system, BlinkMacSystemFont, "Segoe UI", Roboto, "Helvetica Neue", Arial, sans-serif; margin: 0; }
.container { margin: 30px; max-width: 600px; }
h1 { color: #dc3545; font-size: 24px; }
h2 { font-size: 18px; }</style>
</head>
<body>
<div class="container">
    <h1>Oops! An Error Occurred</h1>
    <h2>The server returned a "404 Not Found".</h2>

    <p>
        Something is broken. Please let us know what you were doing when this error occurred.
        We will fix it as soon as possible. Sorry for any inconvenience caused.
    </p>
</div>
</body>
</html>

2023-05-19T18:01:23+00:00 ERROR Failed to load webhooks list: Could not retrieve value for key "webhook.status.registered-webhooks from inner container
2023-05-19T18:04:59+00:00 DEBUG GET https://connect.woocommerce.com/ppc/v1/notifications/webhooks
Response: Array
(
    [code] => 404
    [message] => Not Found
)

Response Body: <!DOCTYPE html>
<html lang="en">
<head>
    <meta charset="utf-8" />
    <meta name="robots" content="noindex,nofollow,noarchive" />
    <title>An Error Occurred: Not Found</title>
    <style>body { background-color: #fff; color: #222; font: 16px/1.5 -apple-system, BlinkMacSystemFont, "Segoe UI", Roboto, "Helvetica Neue", Arial, sans-serif; margin: 0; }
.container { margin: 30px; max-width: 600px; }
h1 { color: #dc3545; font-size: 24px; }
h2 { font-size: 18px; }</style>
</head>
<body>
<div class="container">
    <h1>Oops! An Error Occurred</h1>
    <h2>The server returned a "404 Not Found".</h2>

    <p>
        Something is broken. Please let us know what you were doing when this error occurred.
        We will fix it as soon as possible. Sorry for any inconvenience caused.
    </p>
</div>
</body>
</html>

2023-05-19T18:04:59+00:00 ERROR Failed to load webhooks list: Could not retrieve value for key "webhook.status.registered-webhooks from inner container
